Arguments: 
  /Users/administradorcito/.nvm/versions/node/v8.11.3/bin/node /Users/administradorcito/.yarn/bin/yarn.js

PATH: 
  /Users/administradorcito/.yarn/bin:/Users/administradorcito/.config/yarn/global/node_modules/.bin:/Users/administradorcito/.nvm/versions/node/v8.11.3/bin:/usr/local/bin:/usr/bin:/bin:/usr/sbin:/sbin:/Library/TeX/texbin:/Library/Frameworks/Mono.framework/Versions/Current/Commands

Yarn version: 
  1.15.2

Node version: 
  8.11.3

Platform: 
  darwin x64

Trace: 
  Error: connect ECONNREFUSED 34.252.41.255:443
      at Object._errnoException (util.js:992:11)
      at _exceptionWithHostPort (util.js:1014:20)
      at TCPConnectWrap.afterConnect [as oncomplete] (net.js:1186:14)

npm manifest: 
  {
    "name": "project-integration-app",
    "version": "1.0.0",
    "description": "PWA autogenerated",
    "main": "index.js",
    "dependencies": {
      "@webcomponents/webcomponentsjs": "^2.2.4",
      "lit-element": "^2.0.0",
      "@polymer/paper-button": "^3.0.1"
    },
    "keywords": [
      "lit-element",
      "catsys"
    ],
    "author": "Together we're more",
    "license": "MIT"
  }

yarn manifest: 
  No manifest

Lockfile: 
  No lockfile
